<?xml version="1.0" encoding="UTF-8"?>
<!-- Generated by org.testng.reporters.JUnitReportReporter -->
<testsuite hostname="DESKTOP-SCCF1RD" failures="0" tests="1" name="demo.PostRequest" time="5.330" errors="0" timestamp="2024-05-18T18:37:47 IST" skipped="0">
  <testcase classname="demo.PostRequest" name="bookingApiPostService" time="5.330"/>
</testsuite> <!-- demo.PostRequest -->
