<?xml version="1.0" encoding="UTF-8"?>
<!-- Generated by org.testng.reporters.JUnitReportReporter -->
<testsuite hostname="DESKTOP-SCCF1RD" failures="0" tests="1" name="demo.GetRequest" time="7.465" errors="0" timestamp="2024-05-18T08:59:33 IST" skipped="0">
  <testcase classname="demo.GetRequest" name="bookingApi" time="7.465"/>
</testsuite> <!-- demo.GetRequest -->
