<?xml version="1.0" encoding="UTF-8"?>
<!-- Generated by org.testng.reporters.JUnitReportReporter -->
<testsuite hostname="DESKTOP-SCCF1RD" failures="0" tests="1" name="demo.CRUD" time="7.680" errors="0" timestamp="2024-05-17T21:51:47 IST" skipped="0">
  <testcase classname="demo.CRUD" name="getMethod" time="7.680"/>
</testsuite> <!-- demo.CRUD -->
